Using pre-set license
Built from '2020.3/staging' branch; Version is '2020.3.25f1 (9b9180224418) revision 10195328'; Using compiler version '192528614'; Build Type 'Release'
OS: 'Windows 10  (10.0.19043) 64bit Professional' Language: 'zh' Physical Memory: 16217 MB
BatchMode: 1, IsHumanControllingUs: 0, StartBugReporterOnCrash: 0, Is64bit: 1, IsPro: 0

COMMAND LINE ARGUMENTS:
C:\Program Files\Unity\Hub\Editor\2020.3.25f1\Editor\Unity.exe
-adb2
-batchMode
-noUpm
-name
AssetImportWorker0
-projectPath
C:/Users/user/unity_tnu_webgame_20220222_a/webgame_20220222_a
-logFile
Logs/AssetImportWorker0.log
-srvPort
1593
Successfully changed project path to: C:/Users/user/unity_tnu_webgame_20220222_a/webgame_20220222_a
C:/Users/user/unity_tnu_webgame_20220222_a/webgame_20220222_a
Using Asset Import Pipeline V2.
Refreshing native plugins compatible for Editor in 40.05 ms, found 3 plugins.
Preloading 0 native plugins for Editor in 0.00 ms.
Initialize engine version: 2020.3.25f1 (9b9180224418)
[Subsystems] Discovering subsystems at path C:/Program Files/Unity/Hub/Editor/2020.3.25f1/Editor/Data/Resources/UnitySubsystems
[Subsystems] Discovering subsystems at path C:/Users/user/unity_tnu_webgame_20220222_a/webgame_20220222_a/Assets
GfxDevice: creating device client; threaded=0
Direct3D:
    Version:  Direct3D 11.0 [level 11.1]
    Renderer: NVIDIA GeForce GTX 1650 SUPER (ID=0x2187)
    Vendor:   
    VRAM:     3955 MB
    Driver:   27.21.14.5671
Initialize mono
Mono path[0] = 'C:/Program Files/Unity/Hub/Editor/2020.3.25f1/Editor/Data/Managed'
Mono path[1] = 'C:/Program Files/Unity/Hub/Editor/2020.3.25f1/Editor/Data/MonoBleedingEdge/lib/mono/unityjit'
Mono config path = 'C:/Program Files/Unity/Hub/Editor/2020.3.25f1/Editor/Data/MonoBleedingEdge/etc'
Using monoOptions --debugger-agent=transport=dt_socket,embedding=1,server=y,suspend=n,address=127.0.0.1:56772
Begin MonoManager ReloadAssembly
Registering precompiled unity dll's ...
Register platform support module: C:/Program Files/Unity/Hub/Editor/2020.3.25f1/Editor/Data/PlaybackEngines/WebGLSupport/UnityEditor.WebGL.Extensions.dll
Register platform support module: C:/Program Files/Unity/Hub/Editor/2020.3.25f1/Editor/Data/PlaybackEngines/WindowsStandaloneSupport/UnityEditor.WindowsStandalone.Extensions.dll
Registered in 0.004215 seconds.
Native extension for WindowsStandalone target not found
Native extension for WebGL target not found
Refreshing native plugins compatible for Editor in 36.39 ms, found 3 plugins.
Preloading 0 native plugins for Editor in 0.00 ms.
Mono: successfully reloaded assembly
- Completed reload, in  0.512 seconds
Domain Reload Profiling:
	ReloadAssembly (512ms)
		BeginReloadAssembly (61ms)
			ExecutionOrderSort (0ms)
			DisableScriptedObjects (0ms)
			BackupInstance (0ms)
			ReleaseScriptingObjects (0ms)
			CreateAndSetChildDomain (1ms)
		EndReloadAssembly (380ms)
			LoadAssemblies (57ms)
			RebuildTransferFunctionScriptingTraits (0ms)
			SetupTypeCache (122ms)
			ReleaseScriptCaches (0ms)
			RebuildScriptCaches (25ms)
			SetupLoadedEditorAssemblies (140ms)
				LogAssemblyErrors (0ms)
				InitializePlatformSupportModulesInManaged (5ms)
				SetLoadedEditorAssemblies (0ms)
				RefreshPlugins (36ms)
				BeforeProcessingInitializeOnLoad (7ms)
				ProcessInitializeOnLoadAttributes (68ms)
				ProcessInitializeOnLoadMethodAttributes (24ms)
				AfterProcessingInitializeOnLoad (0ms)
				EditorAssembliesLoaded (0ms)
			ExecutionOrderSort2 (0ms)
			AwakeInstancesAfterBackupRestoration (0ms)
Platform modules already initialized, skipping
Registering precompiled user dll's ...
Registered in 0.006059 seconds.
Begin MonoManager ReloadAssembly
Native extension for WindowsStandalone target not found
Native extension for WebGL target not found
Refreshing native plugins compatible for Editor in 36.29 ms, found 3 plugins.
Preloading 0 native plugins for Editor in 0.00 ms.
Mono: successfully reloaded assembly
- Completed reload, in  0.975 seconds
Domain Reload Profiling:
	ReloadAssembly (975ms)
		BeginReloadAssembly (133ms)
			ExecutionOrderSort (0ms)
			DisableScriptedObjects (4ms)
			BackupInstance (0ms)
			ReleaseScriptingObjects (0ms)
			CreateAndSetChildDomain (15ms)
		EndReloadAssembly (780ms)
			LoadAssemblies (97ms)
			RebuildTransferFunctionScriptingTraits (0ms)
			SetupTypeCache (252ms)
			ReleaseScriptCaches (0ms)
			RebuildScriptCaches (38ms)
			SetupLoadedEditorAssemblies (298ms)
				LogAssemblyErrors (0ms)
				InitializePlatformSupportModulesInManaged (4ms)
				SetLoadedEditorAssemblies (0ms)
				RefreshPlugins (36ms)
				BeforeProcessingInitializeOnLoad (74ms)
				ProcessInitializeOnLoadAttributes (158ms)
				ProcessInitializeOnLoadMethodAttributes (14ms)
				AfterProcessingInitializeOnLoad (12ms)
				EditorAssembliesLoaded (0ms)
			ExecutionOrderSort2 (0ms)
			AwakeInstancesAfterBackupRestoration (6ms)
Platform modules already initialized, skipping
========================================================================
Worker process is ready to serve import requests
Launched and connected shader compiler UnityShaderCompiler.exe after 0.03 seconds
Refreshing native plugins compatible for Editor in 0.42 ms, found 3 plugins.
Preloading 0 native plugins for Editor in 0.00 ms.
Unloading 2194 Unused Serialized files (Serialized files now loaded: 0)
System memory in use before: 95.8 MB.
System memory in use after: 95.9 MB.

Unloading 28 unused Assets to reduce memory usage. Loaded Objects now: 2627.
Total: 2.852100 ms (FindLiveObjects: 0.133400 ms CreateObjectMapping: 0.060200 ms MarkObjects: 2.602100 ms  DeleteObjects: 0.055200 ms)

AssetImportParameters requested are different than current active one (requested -> active):
  custom:framework-win-MediaFoundation: 216162199b28c13a410421893ffa2e32 -> 
  custom:video-decoder-ogg-theora: a1e56fd34408186e4bbccfd4996cb3dc -> 
  custom:container-muxer-webm: aa71ff27fc2769a1b78a27578f13a17b -> 
  custom:container-demuxer-webm: 4f35f7cbe854078d1ac9338744f61a02 -> 
  custom:container-demuxer-ogg: 62fdf1f143b41e24485cea50d1cbac27 -> 
  custom:video-encoder-webm-vp8: eb34c28f22e8b96e1ab97ce403110664 -> 
  custom:video-decoder-webm-vp8: 9c59270c3fd7afecdb556c50c9e8de78 -> 
  custom:audio-decoder-ogg-vorbis: bf7c407c2cedff20999df2af8eb42d56 -> 
  custom:audio-encoder-webm-vorbis: bf7c407c2cedff20999df2af8eb42d56 -> 
========================================================================
Received Import Request.
  path: Assets/圖
  artifactKey: Guid(840c3b872920bdb46a45ea32128489ec) Importer(815301076,1909f56bfc062723c751e8b465ee728b)
Start importing Assets/圖 using Guid(840c3b872920bdb46a45ea32128489ec) Importer(815301076,1909f56bfc062723c751e8b465ee728b)  -> (artifact id: 'f1e6ca1e4081e4425e97eec62674eb52') in 0.003818 seconds 
  Import took 0.006559 seconds .

========================================================================
Received Import Request.
  Time since last request: 1.189626 seconds.
  path: Assets/Scenes/SampleScene.unity
  artifactKey: Guid(2cda990e2423bbf4892e6590ba056729) Importer(815301076,1909f56bfc062723c751e8b465ee728b)
Start importing Assets/Scenes/SampleScene.unity using Guid(2cda990e2423bbf4892e6590ba056729) Importer(815301076,1909f56bfc062723c751e8b465ee728b)  -> (artifact id: '1333ee985c8b405feb81c7cbd2e221fc') in 0.008852 seconds 
  Import took 0.011465 seconds .

========================================================================
Received Import Request.
  Time since last request: 1455.863217 seconds.
  path: Assets/圖/Fences.png
  artifactKey: Guid(020340f0e4661e94b80b4a95f63490a4) Importer(815301076,1909f56bfc062723c751e8b465ee728b)
Start importing Assets/圖/Fences.png using Guid(020340f0e4661e94b80b4a95f63490a4) Importer(815301076,1909f56bfc062723c751e8b465ee728b)  -> (artifact id: '0c0c3888084461df0bc1712bed068c55') in 0.150877 seconds 
  Import took 0.154083 seconds .

========================================================================
Received Import Request.
  Time since last request: 0.000206 seconds.
  path: Assets/圖/Grass.png
  artifactKey: Guid(357ea5121e65cd64dbbda6e4c4ea635c) Importer(815301076,1909f56bfc062723c751e8b465ee728b)
Start importing Assets/圖/Grass.png using Guid(357ea5121e65cd64dbbda6e4c4ea635c) Importer(815301076,1909f56bfc062723c751e8b465ee728b)  -> (artifact id: '04e8dcb34fd6f378ab2f2ea49d97dbc2') in 0.165937 seconds 
  Import took 0.168517 seconds .

========================================================================
Received Import Request.
  Time since last request: 0.000189 seconds.
  path: Assets/圖/Water.png
  artifactKey: Guid(42e8e12ccec104242998dff274a3c403) Importer(815301076,1909f56bfc062723c751e8b465ee728b)
Start importing Assets/圖/Water.png using Guid(42e8e12ccec104242998dff274a3c403) Importer(815301076,1909f56bfc062723c751e8b465ee728b)  -> (artifact id: '44b82a55c8ca6ee45fbae2fffbd08778') in 0.008381 seconds 
  Import took 0.010781 seconds .

========================================================================
Received Import Request.
  Time since last request: 0.000196 seconds.
  path: Assets/圖/Wooden House.png
  artifactKey: Guid(13a21e60638c5bd4cabe0a768a4d1d14) Importer(815301076,1909f56bfc062723c751e8b465ee728b)
Start importing Assets/圖/Wooden House.png using Guid(13a21e60638c5bd4cabe0a768a4d1d14) Importer(815301076,1909f56bfc062723c751e8b465ee728b)  -> (artifact id: '35855a0e62c91636f12ca6446d1b71e1') in 0.016624 seconds 
  Import took 0.019047 seconds .

========================================================================
Received Import Request.
  Time since last request: 0.000189 seconds.
  path: Assets/圖/Tilled Dirt.png
  artifactKey: Guid(1959808706f990c4cbbcec946a649029) Importer(815301076,1909f56bfc062723c751e8b465ee728b)
Start importing Assets/圖/Tilled Dirt.png using Guid(1959808706f990c4cbbcec946a649029) Importer(815301076,1909f56bfc062723c751e8b465ee728b)  -> (artifact id: 'dcb39d8ad2aa126a71e15329bd02ffd5') in 0.132732 seconds 
  Import took 0.135293 seconds .

========================================================================
Received Import Request.
  Time since last request: 0.000193 seconds.
  path: Assets/圖/Hills.png
  artifactKey: Guid(cae16044234417a4299c13b5520dc76d) Importer(815301076,1909f56bfc062723c751e8b465ee728b)
Start importing Assets/圖/Hills.png using Guid(cae16044234417a4299c13b5520dc76d) Importer(815301076,1909f56bfc062723c751e8b465ee728b)  -> (artifact id: '8fd4784852143fedafa55f52377ca0c0') in 0.069986 seconds 
  Import took 0.072500 seconds .

========================================================================
Received Import Request.
  Time since last request: 512.744586 seconds.
  path: Assets/圖/Water.png
  artifactKey: Guid(42e8e12ccec104242998dff274a3c403) Importer(815301076,1909f56bfc062723c751e8b465ee728b)
Start importing Assets/圖/Water.png using Guid(42e8e12ccec104242998dff274a3c403) Importer(815301076,1909f56bfc062723c751e8b465ee728b)  -> (artifact id: 'e7f6a27e72019fd28fec4097692fbf36') in 0.028687 seconds 
  Import took 0.031399 seconds .

========================================================================
Received Import Request.
  Time since last request: 65.474163 seconds.
  path: Assets/圖/Grass_0.asset
  artifactKey: Guid(01e24de274bc15642b0070ff9b4d5e39) Importer(815301076,1909f56bfc062723c751e8b465ee728b)
Start importing Assets/圖/Grass_0.asset using Guid(01e24de274bc15642b0070ff9b4d5e39) Importer(815301076,1909f56bfc062723c751e8b465ee728b)  -> (artifact id: '2a7e8d1325a8052c5c4350cfa37316ee') in 0.019944 seconds 
  Import took 0.022765 seconds .

========================================================================
Received Import Request.
  Time since last request: 0.000245 seconds.
  path: Assets/圖/Grass_10.asset
  artifactKey: Guid(22c9edb0127576d4aa42794b3c453fd5) Importer(815301076,1909f56bfc062723c751e8b465ee728b)
Start importing Assets/圖/Grass_10.asset using Guid(22c9edb0127576d4aa42794b3c453fd5) Importer(815301076,1909f56bfc062723c751e8b465ee728b)  -> (artifact id: '1864db984dd3b2bbea403f451fb87190') in 0.005310 seconds 
  Import took 0.008008 seconds .

========================================================================
Received Import Request.
  Time since last request: 0.000286 seconds.
  path: Assets/圖/Grass_8.asset
  artifactKey: Guid(46a1d5dccfa69414981e07afe44e79b7) Importer(815301076,1909f56bfc062723c751e8b465ee728b)
Start importing Assets/圖/Grass_8.asset using Guid(46a1d5dccfa69414981e07afe44e79b7) Importer(815301076,1909f56bfc062723c751e8b465ee728b)  -> (artifact id: 'c14953bd6953d34bba6e0370aadbef81') in 0.005142 seconds 
  Import took 0.007925 seconds .

========================================================================
Received Import Request.
  Time since last request: 0.000150 seconds.
  path: Assets/圖/Grass_9.asset
  artifactKey: Guid(cfa9b80ac36fdbb4ea2ff1e99e188f20) Importer(815301076,1909f56bfc062723c751e8b465ee728b)
Start importing Assets/圖/Grass_9.asset using Guid(cfa9b80ac36fdbb4ea2ff1e99e188f20) Importer(815301076,1909f56bfc062723c751e8b465ee728b)  -> (artifact id: '4305a0911acdc25856465d76820a6537') in 0.004933 seconds 
  Import took 0.007564 seconds .

========================================================================
Received Import Request.
  Time since last request: 0.000192 seconds.
  path: Assets/圖/Grass_6.asset
  artifactKey: Guid(f732642ea33315e47ad3ae042f2d4b69) Importer(815301076,1909f56bfc062723c751e8b465ee728b)
Start importing Assets/圖/Grass_6.asset using Guid(f732642ea33315e47ad3ae042f2d4b69) Importer(815301076,1909f56bfc062723c751e8b465ee728b)  -> (artifact id: '7efcb665bae65aae154ffecfece451f1') in 0.005039 seconds 
  Import took 0.007648 seconds .

========================================================================
Received Import Request.
  Time since last request: 0.000221 seconds.
  path: Assets/圖/Grass_1.asset
  artifactKey: Guid(2a556809513d6184db2f3ecfddb0df3f) Importer(815301076,1909f56bfc062723c751e8b465ee728b)
Start importing Assets/圖/Grass_1.asset using Guid(2a556809513d6184db2f3ecfddb0df3f) Importer(815301076,1909f56bfc062723c751e8b465ee728b)  -> (artifact id: 'f9b3c8fd82d84ad05688c4d0049d74c2') in 0.005108 seconds 
  Import took 0.007672 seconds .

========================================================================
Received Import Request.
  Time since last request: 0.000222 seconds.
  path: Assets/圖/Grass_7.asset
  artifactKey: Guid(6f79104125b08d2419277460c44100de) Importer(815301076,1909f56bfc062723c751e8b465ee728b)
Start importing Assets/圖/Grass_7.asset using Guid(6f79104125b08d2419277460c44100de) Importer(815301076,1909f56bfc062723c751e8b465ee728b)  -> (artifact id: 'a621bd438a88be363bd740fb0d9b11b2') in 0.005033 seconds 
  Import took 0.007692 seconds .

========================================================================
Received Import Request.
  Time since last request: 0.000157 seconds.
  path: Assets/圖/Grass_5.asset
  artifactKey: Guid(53d66cabea29edc45999836881e5a4f2) Importer(815301076,1909f56bfc062723c751e8b465ee728b)
Start importing Assets/圖/Grass_5.asset using Guid(53d66cabea29edc45999836881e5a4f2) Importer(815301076,1909f56bfc062723c751e8b465ee728b)  -> (artifact id: 'e6a4edd0247dbe5e7eaf9d2ab71a4c7d') in 0.005399 seconds 
  Import took 0.008014 seconds .

========================================================================
Received Import Request.
  Time since last request: 0.000200 seconds.
  path: Assets/圖/Grass_2.asset
  artifactKey: Guid(92e9339e25d779847b0138953a463ba9) Importer(815301076,1909f56bfc062723c751e8b465ee728b)
Start importing Assets/圖/Grass_2.asset using Guid(92e9339e25d779847b0138953a463ba9) Importer(815301076,1909f56bfc062723c751e8b465ee728b)  -> (artifact id: 'ddaf28325c72201e958da5359e6b32a2') in 0.005041 seconds 
  Import took 0.007661 seconds .

========================================================================
Received Import Request.
  Time since last request: 0.000209 seconds.
  path: Assets/圖/Grass_3.asset
  artifactKey: Guid(3072a68a1152b184ab8021676dc8b2d8) Importer(815301076,1909f56bfc062723c751e8b465ee728b)
Start importing Assets/圖/Grass_3.asset using Guid(3072a68a1152b184ab8021676dc8b2d8) Importer(815301076,1909f56bfc062723c751e8b465ee728b)  -> (artifact id: '212551b1399cd572eebff44f06a09709') in 0.005198 seconds 
  Import took 0.007821 seconds .

========================================================================
Received Import Request.
  Time since last request: 0.000223 seconds.
  path: Assets/圖/Grass_4.asset
  artifactKey: Guid(36d050ea3edee104facff954b3ddfbaf) Importer(815301076,1909f56bfc062723c751e8b465ee728b)
Start importing Assets/圖/Grass_4.asset using Guid(36d050ea3edee104facff954b3ddfbaf) Importer(815301076,1909f56bfc062723c751e8b465ee728b)  -> (artifact id: '6f5dc6cc38012439b796435099515f46') in 0.005395 seconds 
  Import took 0.007987 seconds .

========================================================================
Received Import Request.
  Time since last request: 12.229011 seconds.
  path: Assets/圖/Grass_11.asset
  artifactKey: Guid(87462618e13f6994f865890170efa519) Importer(815301076,1909f56bfc062723c751e8b465ee728b)
Start importing Assets/圖/Grass_11.asset using Guid(87462618e13f6994f865890170efa519) Importer(815301076,1909f56bfc062723c751e8b465ee728b)  -> (artifact id: '61408b05452ae3f52b025b157a282092') in 0.004754 seconds 
  Import took 0.007450 seconds .

========================================================================
Received Import Request.
  Time since last request: 0.000222 seconds.
  path: Assets/圖/Grass_12.asset
  artifactKey: Guid(f76c5d582067cdf4f9c1b6dba8b045c0) Importer(815301076,1909f56bfc062723c751e8b465ee728b)
Start importing Assets/圖/Grass_12.asset using Guid(f76c5d582067cdf4f9c1b6dba8b045c0) Importer(815301076,1909f56bfc062723c751e8b465ee728b)  -> (artifact id: 'd5ae9f24c43970da925f0a50ddf323de') in 0.005501 seconds 
  Import took 0.007983 seconds .

========================================================================
Received Import Request.
  Time since last request: 0.000243 seconds.
  path: Assets/圖/Grass_13.asset
  artifactKey: Guid(bb0494a550aa0ba4bab39174bc690c31) Importer(815301076,1909f56bfc062723c751e8b465ee728b)
Start importing Assets/圖/Grass_13.asset using Guid(bb0494a550aa0ba4bab39174bc690c31) Importer(815301076,1909f56bfc062723c751e8b465ee728b)  -> (artifact id: 'd555807beb1f971642c04baa30392758') in 0.005498 seconds 
  Import took 0.008199 seconds .

========================================================================
Received Import Request.
  Time since last request: 0.216345 seconds.
  path: Assets/圖/Grass_14.asset
  artifactKey: Guid(b838229075ff381478979d8c6335ef06) Importer(815301076,1909f56bfc062723c751e8b465ee728b)
Start importing Assets/圖/Grass_14.asset using Guid(b838229075ff381478979d8c6335ef06) Importer(815301076,1909f56bfc062723c751e8b465ee728b)  -> (artifact id: '784b76f9b4df40ab9d1f4e5c12281048') in 0.004868 seconds 
  Import took 0.007597 seconds .

========================================================================
Received Import Request.
  Time since last request: 0.000224 seconds.
  path: Assets/圖/Grass_16.asset
  artifactKey: Guid(73e0b6c4fa1d7984fbe41f31f93c2f1b) Importer(815301076,1909f56bfc062723c751e8b465ee728b)
Start importing Assets/圖/Grass_16.asset using Guid(73e0b6c4fa1d7984fbe41f31f93c2f1b) Importer(815301076,1909f56bfc062723c751e8b465ee728b)  -> (artifact id: 'cb44076f701be9163b08df44e472e039') in 0.005862 seconds 
  Import took 0.008606 seconds .

========================================================================
Received Import Request.
  Time since last request: 0.000257 seconds.
  path: Assets/圖/Grass_15.asset
  artifactKey: Guid(c1198c6f55d71854ba0e1436329e8ef8) Importer(815301076,1909f56bfc062723c751e8b465ee728b)
Start importing Assets/圖/Grass_15.asset using Guid(c1198c6f55d71854ba0e1436329e8ef8) Importer(815301076,1909f56bfc062723c751e8b465ee728b)  -> (artifact id: '1df910ba6407171eb2d2c666b036138b') in 0.006704 seconds 
  Import took 0.009836 seconds .

========================================================================
Received Import Request.
  Time since last request: 0.006471 seconds.
  path: Assets/圖/Grass_17.asset
  artifactKey: Guid(2c4b21e89099b5046876c6e81c06db00) Importer(815301076,1909f56bfc062723c751e8b465ee728b)
Start importing Assets/圖/Grass_17.asset using Guid(2c4b21e89099b5046876c6e81c06db00) Importer(815301076,1909f56bfc062723c751e8b465ee728b)  -> (artifact id: '30fd4911d989cfb1b8eae32a055d113e') in 0.006557 seconds 
  Import took 0.009523 seconds .

========================================================================
Received Import Request.
  Time since last request: 0.000128 seconds.
  path: Assets/圖/Grass_18.asset
  artifactKey: Guid(41fe82b2f682cb141bf0cd0a4afea2d0) Importer(815301076,1909f56bfc062723c751e8b465ee728b)
Start importing Assets/圖/Grass_18.asset using Guid(41fe82b2f682cb141bf0cd0a4afea2d0) Importer(815301076,1909f56bfc062723c751e8b465ee728b)  -> (artifact id: '3516676ffbd6e4a27d5ea6a41380f0ff') in 0.006177 seconds 
  Import took 0.008874 seconds .

========================================================================
Received Import Request.
  Time since last request: 0.000208 seconds.
  path: Assets/圖/Grass_20.asset
  artifactKey: Guid(c0c3cbf027483e845946927ee7c6c985) Importer(815301076,1909f56bfc062723c751e8b465ee728b)
Start importing Assets/圖/Grass_20.asset using Guid(c0c3cbf027483e845946927ee7c6c985) Importer(815301076,1909f56bfc062723c751e8b465ee728b)  -> (artifact id: '050df6d11dd3f5d4c98afdac23963f1d') in 0.006263 seconds 
  Import took 0.009036 seconds .

========================================================================
Received Import Request.
  Time since last request: 0.000180 seconds.
  path: Assets/圖/Grass_24.asset
  artifactKey: Guid(4821665a96567774dbd56ad3e9b74358) Importer(815301076,1909f56bfc062723c751e8b465ee728b)
Start importing Assets/圖/Grass_24.asset using Guid(4821665a96567774dbd56ad3e9b74358) Importer(815301076,1909f56bfc062723c751e8b465ee728b)  -> (artifact id: '2d9cde7762f93c0da6b6099f31e9c06f') in 0.005406 seconds 
  Import took 0.008055 seconds .

========================================================================
Received Import Request.
  Time since last request: 0.000161 seconds.
  path: Assets/圖/Grass_19.asset
  artifactKey: Guid(e28ad446da3f013409811d6352bb9bda) Importer(815301076,1909f56bfc062723c751e8b465ee728b)
Start importing Assets/圖/Grass_19.asset using Guid(e28ad446da3f013409811d6352bb9bda) Importer(815301076,1909f56bfc062723c751e8b465ee728b)  -> (artifact id: 'feed0a6ff2f003e7efea0380440237e6') in 0.005615 seconds 
  Import took 0.008228 seconds .

========================================================================
Received Import Request.
  Time since last request: 0.000174 seconds.
  path: Assets/圖/Grass_25.asset
  artifactKey: Guid(deae3ce1d4eb45a459b348f430ebba6c) Importer(815301076,1909f56bfc062723c751e8b465ee728b)
Start importing Assets/圖/Grass_25.asset using Guid(deae3ce1d4eb45a459b348f430ebba6c) Importer(815301076,1909f56bfc062723c751e8b465ee728b)  -> (artifact id: '91657b2431a4c8483f2baed0ed92f0e5') in 0.005557 seconds 
  Import took 0.008138 seconds .

========================================================================
Received Import Request.
  Time since last request: 0.000168 seconds.
  path: Assets/圖/Grass_23.asset
  artifactKey: Guid(3d5e1eb81506cc944b36fe9276eea58d) Importer(815301076,1909f56bfc062723c751e8b465ee728b)
Start importing Assets/圖/Grass_23.asset using Guid(3d5e1eb81506cc944b36fe9276eea58d) Importer(815301076,1909f56bfc062723c751e8b465ee728b)  -> (artifact id: 'ab8cc3775ff86d430f80a9978906d2e3') in 0.005130 seconds 
  Import took 0.007650 seconds .

========================================================================
Received Import Request.
  Time since last request: 0.000220 seconds.
  path: Assets/圖/Grass_22.asset
  artifactKey: Guid(2112d2df8c314d347917278eaa7f6132) Importer(815301076,1909f56bfc062723c751e8b465ee728b)
Start importing Assets/圖/Grass_22.asset using Guid(2112d2df8c314d347917278eaa7f6132) Importer(815301076,1909f56bfc062723c751e8b465ee728b)  -> (artifact id: '703ef9698527fb6f90fd82aeb4d3f328') in 0.005042 seconds 
  Import took 0.007992 seconds .

========================================================================
Received Import Request.
  Time since last request: 0.000189 seconds.
  path: Assets/圖/Grass_21.asset
  artifactKey: Guid(7426c3608c69cce48b62c0f091e33447) Importer(815301076,1909f56bfc062723c751e8b465ee728b)
Start importing Assets/圖/Grass_21.asset using Guid(7426c3608c69cce48b62c0f091e33447) Importer(815301076,1909f56bfc062723c751e8b465ee728b)  -> (artifact id: '13689f0b79fc21929658052c098d15eb') in 0.005451 seconds 
  Import took 0.008672 seconds .

========================================================================
Received Import Request.
  Time since last request: 0.810150 seconds.
  path: Assets/圖/Grass_26.asset
  artifactKey: Guid(8e2380535e433b84eb2fd904325bbb8a) Importer(815301076,1909f56bfc062723c751e8b465ee728b)
Start importing Assets/圖/Grass_26.asset using Guid(8e2380535e433b84eb2fd904325bbb8a) Importer(815301076,1909f56bfc062723c751e8b465ee728b)  -> (artifact id: '7dfa3ce4b16753a6bb90efae93aff3d2') in 0.007060 seconds 
  Import took 0.010041 seconds .

========================================================================
Received Import Request.
  Time since last request: 0.000236 seconds.
  path: Assets/圖/Grass_27.asset
  artifactKey: Guid(9a5eb1a441b1cac45a95e02b272dccfb) Importer(815301076,1909f56bfc062723c751e8b465ee728b)
Start importing Assets/圖/Grass_27.asset using Guid(9a5eb1a441b1cac45a95e02b272dccfb) Importer(815301076,1909f56bfc062723c751e8b465ee728b)  -> (artifact id: '36d86047bf0d39a5bf24617615ebcddf') in 0.009947 seconds 
  Import took 0.012799 seconds .

========================================================================
Received Import Request.
  Time since last request: 0.000305 seconds.
  path: Assets/圖/Grass_28.asset
  artifactKey: Guid(2741e12d980edb145b7996b1aecf1ffe) Importer(815301076,1909f56bfc062723c751e8b465ee728b)
Start importing Assets/圖/Grass_28.asset using Guid(2741e12d980edb145b7996b1aecf1ffe) Importer(815301076,1909f56bfc062723c751e8b465ee728b)  -> (artifact id: '12255c52408987ca1ae11a13d96f6589') in 0.008618 seconds 
  Import took 0.011707 seconds .

========================================================================
Received Import Request.
  Time since last request: 0.021711 seconds.
  path: Assets/圖/Grass_29.asset
  artifactKey: Guid(7d7867b4aa6c6cd46ad9352bcbeaed89) Importer(815301076,1909f56bfc062723c751e8b465ee728b)
Start importing Assets/圖/Grass_29.asset using Guid(7d7867b4aa6c6cd46ad9352bcbeaed89) Importer(815301076,1909f56bfc062723c751e8b465ee728b)  -> (artifact id: 'f2ff6ec49a0860006e6d8080be9aba7f') in 0.005911 seconds 
  Import took 0.008605 seconds .

========================================================================
Received Import Request.
  Time since last request: 0.000193 seconds.
  path: Assets/圖/Grass_30.asset
  artifactKey: Guid(2b1fea7864016b14fa83e5ac2e2660cb) Importer(815301076,1909f56bfc062723c751e8b465ee728b)
Start importing Assets/圖/Grass_30.asset using Guid(2b1fea7864016b14fa83e5ac2e2660cb) Importer(815301076,1909f56bfc062723c751e8b465ee728b)  -> (artifact id: '9d1eebfc748ee92179e2a0a202507e62') in 0.011312 seconds 
  Import took 0.013935 seconds .

========================================================================
Received Import Request.
  Time since last request: 0.000251 seconds.
  path: Assets/圖/Grass_32.asset
  artifactKey: Guid(d567e2c2f848ef947bb3cf4e3287c877) Importer(815301076,1909f56bfc062723c751e8b465ee728b)
Start importing Assets/圖/Grass_32.asset using Guid(d567e2c2f848ef947bb3cf4e3287c877) Importer(815301076,1909f56bfc062723c751e8b465ee728b)  -> (artifact id: '63b71d50b0983b1af803e61655b5590a') in 0.006019 seconds 
  Import took 0.008879 seconds .

========================================================================
Received Import Request.
  Time since last request: 0.000190 seconds.
  path: Assets/圖/Grass_36.asset
  artifactKey: Guid(edf1aa6f0b5ccbe42a4b689f9b2d864c) Importer(815301076,1909f56bfc062723c751e8b465ee728b)
Start importing Assets/圖/Grass_36.asset using Guid(edf1aa6f0b5ccbe42a4b689f9b2d864c) Importer(815301076,1909f56bfc062723c751e8b465ee728b)  -> (artifact id: 'fd8400efbc2b031ce3778febea663a7c') in 0.005755 seconds 
  Import took 0.008528 seconds .

========================================================================
Received Import Request.
  Time since last request: 0.000190 seconds.
  path: Assets/圖/Grass_37.asset
  artifactKey: Guid(5fd1100fe1c990d47b2ae769de73d41a) Importer(815301076,1909f56bfc062723c751e8b465ee728b)
Start importing Assets/圖/Grass_37.asset using Guid(5fd1100fe1c990d47b2ae769de73d41a) Importer(815301076,1909f56bfc062723c751e8b465ee728b)  -> (artifact id: 'f855f7b1d0ad6dc68801113ecf297f6b') in 0.006367 seconds 
  Import took 0.009067 seconds .

========================================================================
Received Import Request.
  Time since last request: 0.000256 seconds.
  path: Assets/圖/Grass_33.asset
  artifactKey: Guid(b1c70e0b0fef6cb40bb86dae3d60881a) Importer(815301076,1909f56bfc062723c751e8b465ee728b)
Start importing Assets/圖/Grass_33.asset using Guid(b1c70e0b0fef6cb40bb86dae3d60881a) Importer(815301076,1909f56bfc062723c751e8b465ee728b)  -> (artifact id: '04b3fb1eece0ea754978e4b6a1b1fdce') in 0.010030 seconds 
  Import took 0.012957 seconds .

========================================================================
Received Import Request.
  Time since last request: 0.000233 seconds.
  path: Assets/圖/Grass_35.asset
  artifactKey: Guid(86ba255d86c94fc4abfbd1359cf0b71a) Importer(815301076,1909f56bfc062723c751e8b465ee728b)
Start importing Assets/圖/Grass_35.asset using Guid(86ba255d86c94fc4abfbd1359cf0b71a) Importer(815301076,1909f56bfc062723c751e8b465ee728b)  -> (artifact id: '4990af803837acfdbae81981cdc32f06') in 0.007508 seconds 
  Import took 0.010260 seconds .

========================================================================
Received Import Request.
  Time since last request: 0.000187 seconds.
  path: Assets/圖/Grass_31.asset
  artifactKey: Guid(08b3677dc834bf3428b31fd60c8d6cd5) Importer(815301076,1909f56bfc062723c751e8b465ee728b)
Start importing Assets/圖/Grass_31.asset using Guid(08b3677dc834bf3428b31fd60c8d6cd5) Importer(815301076,1909f56bfc062723c751e8b465ee728b)  -> (artifact id: 'dfcbe89e52f6ee9fb913f29e9745486a') in 0.013454 seconds 
  Import took 0.015969 seconds .

========================================================================
Received Import Request.
  Time since last request: 0.000230 seconds.
  path: Assets/圖/Grass_34.asset
  artifactKey: Guid(6365936686bf0b34599536181d6bfcd7) Importer(815301076,1909f56bfc062723c751e8b465ee728b)
Start importing Assets/圖/Grass_34.asset using Guid(6365936686bf0b34599536181d6bfcd7) Importer(815301076,1909f56bfc062723c751e8b465ee728b)  -> (artifact id: '4e48802fa16a1874ad16ca87e0240954') in 0.007230 seconds 
  Import took 0.009934 seconds .

========================================================================
Received Import Request.
  Time since last request: 0.785152 seconds.
  path: Assets/圖/Grass_38.asset
  artifactKey: Guid(8b68d48a071e4194cb84094d10d69fe6) Importer(815301076,1909f56bfc062723c751e8b465ee728b)
Start importing Assets/圖/Grass_38.asset using Guid(8b68d48a071e4194cb84094d10d69fe6) Importer(815301076,1909f56bfc062723c751e8b465ee728b)  -> (artifact id: '4b70e8d5c0ff24308e9c46b5ba2aee12') in 0.005942 seconds 
  Import took 0.008722 seconds .

========================================================================
Received Import Request.
  Time since last request: 0.000226 seconds.
  path: Assets/圖/Grass_39.asset
  artifactKey: Guid(0dffc59ef2b5bff4ebec6025203175a0) Importer(815301076,1909f56bfc062723c751e8b465ee728b)
Start importing Assets/圖/Grass_39.asset using Guid(0dffc59ef2b5bff4ebec6025203175a0) Importer(815301076,1909f56bfc062723c751e8b465ee728b)  -> (artifact id: '050277716455a195bcb5ae3118f6d704') in 0.008909 seconds 
  Import took 0.011439 seconds .

========================================================================
Received Import Request.
  Time since last request: 0.000241 seconds.
  path: Assets/圖/Grass_40.asset
  artifactKey: Guid(518a6dc88a98cf7419b52a8d0bef14b3) Importer(815301076,1909f56bfc062723c751e8b465ee728b)
Start importing Assets/圖/Grass_40.asset using Guid(518a6dc88a98cf7419b52a8d0bef14b3) Importer(815301076,1909f56bfc062723c751e8b465ee728b)  -> (artifact id: '7e73d71658260f9a3d43ca74820480ce') in 0.007985 seconds 
  Import took 0.010919 seconds .

========================================================================
Received Import Request.
  Time since last request: 0.015536 seconds.
  path: Assets/圖/Grass_41.asset
  artifactKey: Guid(50369eafcb58e6f4382c9da1037b03dd) Importer(815301076,1909f56bfc062723c751e8b465ee728b)
Start importing Assets/圖/Grass_41.asset using Guid(50369eafcb58e6f4382c9da1037b03dd) Importer(815301076,1909f56bfc062723c751e8b465ee728b)  -> (artifact id: 'a97cd1b3df0016faf20c749f18f4517d') in 0.009344 seconds 
  Import took 0.012717 seconds .

========================================================================
Received Import Request.
  Time since last request: 0.000195 seconds.
  path: Assets/圖/Grass_45.asset
  artifactKey: Guid(4e6ac5b9b1286104d82d603ce9063949) Importer(815301076,1909f56bfc062723c751e8b465ee728b)
Start importing Assets/圖/Grass_45.asset using Guid(4e6ac5b9b1286104d82d603ce9063949) Importer(815301076,1909f56bfc062723c751e8b465ee728b)  -> (artifact id: 'd49743d1b74b8e5af8caa5cbc32070c8') in 0.008955 seconds 
  Import took 0.011691 seconds .

========================================================================
Received Import Request.
  Time since last request: 0.000239 seconds.
  path: Assets/圖/Grass_47.asset
  artifactKey: Guid(db8c001079715d748b791e499cc8e74e) Importer(815301076,1909f56bfc062723c751e8b465ee728b)
Start importing Assets/圖/Grass_47.asset using Guid(db8c001079715d748b791e499cc8e74e) Importer(815301076,1909f56bfc062723c751e8b465ee728b)  -> (artifact id: 'fe9f0e0319f97d88d96670ff70e48c85') in 0.007810 seconds 
  Import took 0.010816 seconds .

========================================================================
Received Import Request.
  Time since last request: 0.000263 seconds.
  path: Assets/圖/Grass_42.asset
  artifactKey: Guid(49bc86c136439eb4e8bb76ff7009d578) Importer(815301076,1909f56bfc062723c751e8b465ee728b)
Start importing Assets/圖/Grass_42.asset using Guid(49bc86c136439eb4e8bb76ff7009d578) Importer(815301076,1909f56bfc062723c751e8b465ee728b)  -> (artifact id: '545d63e87a53e99fb2e69f269cad6220') in 0.006455 seconds 
  Import took 0.009736 seconds .

========================================================================
Received Import Request.
  Time since last request: 0.000272 seconds.
  path: Assets/圖/Grass_52.asset
  artifactKey: Guid(9c042c81e1a2a9c4f9a9d6278eac0890) Importer(815301076,1909f56bfc062723c751e8b465ee728b)
Start importing Assets/圖/Grass_52.asset using Guid(9c042c81e1a2a9c4f9a9d6278eac0890) Importer(815301076,1909f56bfc062723c751e8b465ee728b)  -> (artifact id: 'd4a5e8915eee56ecb43f938b69c36c70') in 0.007088 seconds 
  Import took 0.010257 seconds .

========================================================================
Received Import Request.
  Time since last request: 0.000224 seconds.
  path: Assets/圖/Grass_51.asset
  artifactKey: Guid(adec1f4941f6d5a41a4a8298d47381a3) Importer(815301076,1909f56bfc062723c751e8b465ee728b)
Start importing Assets/圖/Grass_51.asset using Guid(adec1f4941f6d5a41a4a8298d47381a3) Importer(815301076,1909f56bfc062723c751e8b465ee728b)  -> (artifact id: 'dfbfa6cee5d5bd79b82d5146d0f670a7') in 0.007825 seconds 
  Import took 0.010531 seconds .

========================================================================
Received Import Request.
  Time since last request: 0.000161 seconds.
  path: Assets/圖/Grass_49.asset
  artifactKey: Guid(fdaaf7724c9ec174dac02d6eec478ea5) Importer(815301076,1909f56bfc062723c751e8b465ee728b)
Start importing Assets/圖/Grass_49.asset using Guid(fdaaf7724c9ec174dac02d6eec478ea5) Importer(815301076,1909f56bfc062723c751e8b465ee728b)  -> (artifact id: '93bd193f815db07755936b7df118b713') in 0.008140 seconds 
  Import took 0.010671 seconds .

========================================================================
Received Import Request.
  Time since last request: 0.000214 seconds.
  path: Assets/圖/Grass_48.asset
  artifactKey: Guid(522594de616ab4d47860a70f1e4ab4dd) Importer(815301076,1909f56bfc062723c751e8b465ee728b)
Start importing Assets/圖/Grass_48.asset using Guid(522594de616ab4d47860a70f1e4ab4dd) Importer(815301076,1909f56bfc062723c751e8b465ee728b)  -> (artifact id: 'cb735b480ab8acc5fd0e233a51449f31') in 0.009221 seconds 
  Import took 0.011749 seconds .

========================================================================
Received Import Request.
  Time since last request: 0.000191 seconds.
  path: Assets/圖/Grass_44.asset
  artifactKey: Guid(d25986440b3e0d6409a6c2b7fad9314f) Importer(815301076,1909f56bfc062723c751e8b465ee728b)
Start importing Assets/圖/Grass_44.asset using Guid(d25986440b3e0d6409a6c2b7fad9314f) Importer(815301076,1909f56bfc062723c751e8b465ee728b)  -> (artifact id: '7522ec22583ee08e461e3ff417ef128b') in 0.007883 seconds 
  Import took 0.010505 seconds .

========================================================================
Received Import Request.
  Time since last request: 0.000201 seconds.
  path: Assets/圖/Grass_43.asset
  artifactKey: Guid(49f42ba0a6738ac46919206abb3d2703) Importer(815301076,1909f56bfc062723c751e8b465ee728b)
Start importing Assets/圖/Grass_43.asset using Guid(49f42ba0a6738ac46919206abb3d2703) Importer(815301076,1909f56bfc062723c751e8b465ee728b)  -> (artifact id: 'da4b8cb5deb37a1be209d09d69c330dd') in 0.011287 seconds 
  Import took 0.013980 seconds .

========================================================================
Received Import Request.
  Time since last request: 0.000135 seconds.
  path: Assets/圖/Grass_50.asset
  artifactKey: Guid(25d24a67e0f58904d89a25410c663060) Importer(815301076,1909f56bfc062723c751e8b465ee728b)
Start importing Assets/圖/Grass_50.asset using Guid(25d24a67e0f58904d89a25410c663060) Importer(815301076,1909f56bfc062723c751e8b465ee728b)  -> (artifact id: '21b1172d665770344f7057a14acb5869') in 0.006265 seconds 
  Import took 0.008823 seconds .

========================================================================
Received Import Request.
  Time since last request: 0.000196 seconds.
  path: Assets/圖/Grass_46.asset
  artifactKey: Guid(b24a2696e7d2a0c4685e0c63fa20d861) Importer(815301076,1909f56bfc062723c751e8b465ee728b)
Start importing Assets/圖/Grass_46.asset using Guid(b24a2696e7d2a0c4685e0c63fa20d861) Importer(815301076,1909f56bfc062723c751e8b465ee728b)  -> (artifact id: 'f88f8c7027bd7861602419817c445949') in 0.006482 seconds 
  Import took 0.009070 seconds .

========================================================================
Received Import Request.
  Time since last request: 0.163119 seconds.
  path: Assets/圖/Grass_53.asset
  artifactKey: Guid(e08375c26b8942d41a2a21853c970aab) Importer(815301076,1909f56bfc062723c751e8b465ee728b)
Start importing Assets/圖/Grass_53.asset using Guid(e08375c26b8942d41a2a21853c970aab) Importer(815301076,1909f56bfc062723c751e8b465ee728b)  -> (artifact id: 'd9569cf566f61b9f0bde78fd7d232003') in 0.005318 seconds 
  Import took 0.008009 seconds .

========================================================================
Received Import Request.
  Time since last request: 0.000255 seconds.
  path: Assets/圖/Grass_55.asset
  artifactKey: Guid(12bc23cf4ba80fd46b0a61504244e2b5) Importer(815301076,1909f56bfc062723c751e8b465ee728b)
Start importing Assets/圖/Grass_55.asset using Guid(12bc23cf4ba80fd46b0a61504244e2b5) Importer(815301076,1909f56bfc062723c751e8b465ee728b)  -> (artifact id: 'bf90674920c29ae64d67bd89f4afe492') in 0.006037 seconds 
  Import took 0.008589 seconds .

========================================================================
Received Import Request.
  Time since last request: 0.000273 seconds.
  path: Assets/圖/Grass_54.asset
  artifactKey: Guid(827e3300558115446b18835698eaf1df) Importer(815301076,1909f56bfc062723c751e8b465ee728b)
Start importing Assets/圖/Grass_54.asset using Guid(827e3300558115446b18835698eaf1df) Importer(815301076,1909f56bfc062723c751e8b465ee728b)  -> (artifact id: 'ea13486e7cce895b28c9046ac32c7950') in 0.007104 seconds 
  Import took 0.010271 seconds .

========================================================================
Received Import Request.
  Time since last request: 0.300067 seconds.
  path: Assets/圖/Grass_56.asset
  artifactKey: Guid(46ac913d37fde9b4a864b35b596a6634) Importer(815301076,1909f56bfc062723c751e8b465ee728b)
Start importing Assets/圖/Grass_56.asset using Guid(46ac913d37fde9b4a864b35b596a6634) Importer(815301076,1909f56bfc062723c751e8b465ee728b)  -> (artifact id: 'b49c7b6aacfa6e0fd9d7c54d50dd5bdf') in 0.005308 seconds 
  Import took 0.008350 seconds .

========================================================================
Received Import Request.
  Time since last request: 0.000349 seconds.
  path: Assets/圖/Grass_58.asset
  artifactKey: Guid(ee48011b0abf0b54e8729231a3b57677) Importer(815301076,1909f56bfc062723c751e8b465ee728b)
Start importing Assets/圖/Grass_58.asset using Guid(ee48011b0abf0b54e8729231a3b57677) Importer(815301076,1909f56bfc062723c751e8b465ee728b)  -> (artifact id: '32f0e48b61a31999f99855f5b4fc47d7') in 0.006526 seconds 
  Import took 0.009300 seconds .

========================================================================
Received Import Request.
  Time since last request: 0.000264 seconds.
  path: Assets/圖/Grass_57.asset
  artifactKey: Guid(b49835d3786795b4e8dadc64f347ab3b) Importer(815301076,1909f56bfc062723c751e8b465ee728b)
Start importing Assets/圖/Grass_57.asset using Guid(b49835d3786795b4e8dadc64f347ab3b) Importer(815301076,1909f56bfc062723c751e8b465ee728b)  -> (artifact id: 'cec7acee2cd4a5bccf467a24a7aef6d1') in 0.007507 seconds 
  Import took 0.010462 seconds .

========================================================================
Received Import Request.
  Time since last request: 0.006537 seconds.
  path: Assets/圖/Grass_59.asset
  artifactKey: Guid(65a6e3b86d3ba1d47ade5a3801b8a171) Importer(815301076,1909f56bfc062723c751e8b465ee728b)
Start importing Assets/圖/Grass_59.asset using Guid(65a6e3b86d3ba1d47ade5a3801b8a171) Importer(815301076,1909f56bfc062723c751e8b465ee728b)  -> (artifact id: '61c03b92b1dab58ea360aa8b88a1ad5c') in 0.005764 seconds 
  Import took 0.008582 seconds .

========================================================================
Received Import Request.
  Time since last request: 0.000218 seconds.
  path: Assets/圖/Grass_61.asset
  artifactKey: Guid(243fad332a2d6ab468e9e7029ab5eb31) Importer(815301076,1909f56bfc062723c751e8b465ee728b)
Start importing Assets/圖/Grass_61.asset using Guid(243fad332a2d6ab468e9e7029ab5eb31) Importer(815301076,1909f56bfc062723c751e8b465ee728b)  -> (artifact id: '9eecf9f498fc1e9a360c6fdd6fc435c8') in 0.005214 seconds 
  Import took 0.007813 seconds .

========================================================================
Received Import Request.
  Time since last request: 0.000209 seconds.
  path: Assets/圖/Grass_62.asset
  artifactKey: Guid(5ff2d711e39010146b6b07bb2e3d30f9) Importer(815301076,1909f56bfc062723c751e8b465ee728b)
Start importing Assets/圖/Grass_62.asset using Guid(5ff2d711e39010146b6b07bb2e3d30f9) Importer(815301076,1909f56bfc062723c751e8b465ee728b)  -> (artifact id: 'fbf7b08cc0b504e143b88cdad2465596') in 0.005787 seconds 
  Import took 0.008403 seconds .

========================================================================
Received Import Request.
  Time since last request: 0.000208 seconds.
  path: Assets/圖/Grass_63.asset
  artifactKey: Guid(b5e77db8df7388d428700a7a6201d3a4) Importer(815301076,1909f56bfc062723c751e8b465ee728b)
Start importing Assets/圖/Grass_63.asset using Guid(b5e77db8df7388d428700a7a6201d3a4) Importer(815301076,1909f56bfc062723c751e8b465ee728b)  -> (artifact id: '26f233fe1d77075c97cade8281d6882e') in 0.005024 seconds 
  Import took 0.007677 seconds .

========================================================================
Received Import Request.
  Time since last request: 0.000264 seconds.
  path: Assets/圖/Grass_67.asset
  artifactKey: Guid(5ba4325cc4ffeda46b9fd69ad5076d7c) Importer(815301076,1909f56bfc062723c751e8b465ee728b)
Start importing Assets/圖/Grass_67.asset using Guid(5ba4325cc4ffeda46b9fd69ad5076d7c) Importer(815301076,1909f56bfc062723c751e8b465ee728b)  -> (artifact id: 'f27baa7ab27c6a7e6a19a2e9802b283d') in 0.005008 seconds 
  Import took 0.007648 seconds .

========================================================================
Received Import Request.
  Time since last request: 0.000208 seconds.
  path: Assets/圖/Grass_66.asset
  artifactKey: Guid(2624ae840cb8f384abfdffbff87286d5) Importer(815301076,1909f56bfc062723c751e8b465ee728b)
Start importing Assets/圖/Grass_66.asset using Guid(2624ae840cb8f384abfdffbff87286d5) Importer(815301076,1909f56bfc062723c751e8b465ee728b)  -> (artifact id: 'ca7a6b0ac8a2373bfec1f7fd77cb8891') in 0.005627 seconds 
  Import took 0.008252 seconds .

========================================================================
Received Import Request.
  Time since last request: 0.000232 seconds.
  path: Assets/圖/Grass_64.asset
  artifactKey: Guid(b4aa2cf5777828048b1b0077bda54be5) Importer(815301076,1909f56bfc062723c751e8b465ee728b)
Start importing Assets/圖/Grass_64.asset using Guid(b4aa2cf5777828048b1b0077bda54be5) Importer(815301076,1909f56bfc062723c751e8b465ee728b)  -> (artifact id: 'fc4890e74e3daa2a9118ed715fd655d6') in 0.005018 seconds 
  Import took 0.007832 seconds .

========================================================================
Received Import Request.
  Time since last request: 0.000161 seconds.
  path: Assets/圖/Grass_65.asset
  artifactKey: Guid(be53416bb2986234787a2912df8dd627) Importer(815301076,1909f56bfc062723c751e8b465ee728b)
Start importing Assets/圖/Grass_65.asset using Guid(be53416bb2986234787a2912df8dd627) Importer(815301076,1909f56bfc062723c751e8b465ee728b)  -> (artifact id: '7f6ea767a8b6b384adae95d95a6a10f7') in 0.005333 seconds 
  Import took 0.007984 seconds .

========================================================================
Received Import Request.
  Time since last request: 0.000207 seconds.
  path: Assets/圖/Grass_60.asset
  artifactKey: Guid(57bbc7ce09654c047a56ce4f86464607) Importer(815301076,1909f56bfc062723c751e8b465ee728b)
Start importing Assets/圖/Grass_60.asset using Guid(57bbc7ce09654c047a56ce4f86464607) Importer(815301076,1909f56bfc062723c751e8b465ee728b)  -> (artifact id: 'bd3c5fad7f028f91b27296b3d3a06632') in 0.006477 seconds 
  Import took 0.009146 seconds .

========================================================================
Received Import Request.
  Time since last request: 0.209477 seconds.
  path: Assets/圖/Grass_68.asset
  artifactKey: Guid(3ecad6b9f391d6a489ce6944ac35abcf) Importer(815301076,1909f56bfc062723c751e8b465ee728b)
Start importing Assets/圖/Grass_68.asset using Guid(3ecad6b9f391d6a489ce6944ac35abcf) Importer(815301076,1909f56bfc062723c751e8b465ee728b)  -> (artifact id: '32900736d5f4849795675f0f1606e077') in 0.006007 seconds 
  Import took 0.008977 seconds .

========================================================================
Received Import Request.
  Time since last request: 0.000225 seconds.
  path: Assets/圖/Grass_69.asset
  artifactKey: Guid(acf8ea7a26f8cf94ab373738365d38e1) Importer(815301076,1909f56bfc062723c751e8b465ee728b)
Start importing Assets/圖/Grass_69.asset using Guid(acf8ea7a26f8cf94ab373738365d38e1) Importer(815301076,1909f56bfc062723c751e8b465ee728b)  -> (artifact id: 'd89c309f096783f9df6d2dd0d099789e') in 0.005444 seconds 
  Import took 0.008130 seconds .

========================================================================
Received Import Request.
  Time since last request: 0.000237 seconds.
  path: Assets/圖/Grass_70.asset
  artifactKey: Guid(ee397b08f5f841841ac03b99e8e5938e) Importer(815301076,1909f56bfc062723c751e8b465ee728b)
Start importing Assets/圖/Grass_70.asset using Guid(ee397b08f5f841841ac03b99e8e5938e) Importer(815301076,1909f56bfc062723c751e8b465ee728b)  -> (artifact id: 'a0826d474eb5cab8c98285ccd095c6e1') in 0.006447 seconds 
  Import took 0.009255 seconds .

========================================================================
Received Import Request.
  Time since last request: 123.813099 seconds.
  path: Assets/圖/Fences_0.asset
  artifactKey: Guid(d13ad12247741914aa807b3ab2c04139) Importer(815301076,1909f56bfc062723c751e8b465ee728b)
Start importing Assets/圖/Fences_0.asset using Guid(d13ad12247741914aa807b3ab2c04139) Importer(815301076,1909f56bfc062723c751e8b465ee728b)  -> (artifact id: '9f4fde970d8363392513ded1bec4ce14') in 0.009285 seconds 
  Import took 0.012091 seconds .

========================================================================
Received Import Request.
  Time since last request: 0.000234 seconds.
  path: Assets/圖/Fences_7.asset
  artifactKey: Guid(bb50fb9572f1b2b43a6f5b4c5dc9e5e5) Importer(815301076,1909f56bfc062723c751e8b465ee728b)
Start importing Assets/圖/Fences_7.asset using Guid(bb50fb9572f1b2b43a6f5b4c5dc9e5e5) Importer(815301076,1909f56bfc062723c751e8b465ee728b)  -> (artifact id: 'a1af0f1347deb6a71c7901fd0fbd7ebf') in 0.012032 seconds 
  Import took 0.014784 seconds .

========================================================================
Received Import Request.
  Time since last request: 0.000139 seconds.
  path: Assets/圖/Fences_2.asset
  artifactKey: Guid(dcc2187a8a385764390690108a439be0) Importer(815301076,1909f56bfc062723c751e8b465ee728b)
Start importing Assets/圖/Fences_2.asset using Guid(dcc2187a8a385764390690108a439be0) Importer(815301076,1909f56bfc062723c751e8b465ee728b)  -> (artifact id: 'd01fd2a799141f67afc2fe5dd8de34a4') in 0.014925 seconds 
  Import took 0.017656 seconds .

========================================================================
Received Import Request.
  Time since last request: 0.000246 seconds.
  path: Assets/圖/Fences_6.asset
  artifactKey: Guid(5b177eb1f179bd0438b7a25214cc016a) Importer(815301076,1909f56bfc062723c751e8b465ee728b)
Start importing Assets/圖/Fences_6.asset using Guid(5b177eb1f179bd0438b7a25214cc016a) Importer(815301076,1909f56bfc062723c751e8b465ee728b)  -> (artifact id: '6b16ba92c6513d85bb3beafcbbf3970b') in 0.012034 seconds 
  Import took 0.014717 seconds .

========================================================================
Received Import Request.
  Time since last request: 0.000175 seconds.
  path: Assets/圖/Fences_1.asset
  artifactKey: Guid(0d1fb1250fc6d054d9f0ba6f9e9aaf63) Importer(815301076,1909f56bfc062723c751e8b465ee728b)
Start importing Assets/圖/Fences_1.asset using Guid(0d1fb1250fc6d054d9f0ba6f9e9aaf63) Importer(815301076,1909f56bfc062723c751e8b465ee728b)  -> (artifact id: '01e3c964a5df7120f716ede63b9393be') in 0.014437 seconds 
  Import took 0.017008 seconds .

========================================================================
Received Import Request.
  Time since last request: 0.000229 seconds.
  path: Assets/圖/Fences_3.asset
  artifactKey: Guid(acd91233c127d6243a3b3986cf74393e) Importer(815301076,1909f56bfc062723c751e8b465ee728b)
Start importing Assets/圖/Fences_3.asset using Guid(acd91233c127d6243a3b3986cf74393e) Importer(815301076,1909f56bfc062723c751e8b465ee728b)  -> (artifact id: '091efcd793ffcf0b2820dcb802332328') in 0.005658 seconds 
  Import took 0.008274 seconds .

========================================================================
Received Import Request.
  Time since last request: 0.000212 seconds.
  path: Assets/圖/Fences_5.asset
  artifactKey: Guid(dcee2b9dfbc55644d8bb0aadb33b7192) Importer(815301076,1909f56bfc062723c751e8b465ee728b)
Start importing Assets/圖/Fences_5.asset using Guid(dcee2b9dfbc55644d8bb0aadb33b7192) Importer(815301076,1909f56bfc062723c751e8b465ee728b)  -> (artifact id: '723034f1fff20f89b14298cfff595cc1') in 0.006504 seconds 
  Import took 0.009219 seconds .

========================================================================
Received Import Request.
  Time since last request: 0.000253 seconds.
  path: Assets/圖/Fences_4.asset
  artifactKey: Guid(147db4a0c60809d48aa22fb0e287e7ab) Importer(815301076,1909f56bfc062723c751e8b465ee728b)
Start importing Assets/圖/Fences_4.asset using Guid(147db4a0c60809d48aa22fb0e287e7ab) Importer(815301076,1909f56bfc062723c751e8b465ee728b)  -> (artifact id: 'f7b7a72d45662b1af8293e3a0bae46c9') in 0.012922 seconds 
  Import took 0.015737 seconds .

========================================================================
Received Import Request.
  Time since last request: 2.103317 seconds.
  path: Assets/圖/Fences_8.asset
  artifactKey: Guid(9e7e4073bec56ee40b4ae224cc2fba2d) Importer(815301076,1909f56bfc062723c751e8b465ee728b)
Start importing Assets/圖/Fences_8.asset using Guid(9e7e4073bec56ee40b4ae224cc2fba2d) Importer(815301076,1909f56bfc062723c751e8b465ee728b)  -> (artifact id: '2a84a226a34c53bdc30b4cc6f160cb9a') in 0.005970 seconds 
  Import took 0.008610 seconds .

========================================================================
Received Import Request.
  Time since last request: 0.000196 seconds.
  path: Assets/圖/Fences_9.asset
  artifactKey: Guid(86c0eddbdf70a2b40bf3b97cbd7a843e) Importer(815301076,1909f56bfc062723c751e8b465ee728b)
Start importing Assets/圖/Fences_9.asset using Guid(86c0eddbdf70a2b40bf3b97cbd7a843e) Importer(815301076,1909f56bfc062723c751e8b465ee728b)  -> (artifact id: '9bdbb45042b39cfd1ee4653ce90c842e') in 0.005768 seconds 
  Import took 0.008196 seconds .

========================================================================
Received Import Request.
  Time since last request: 0.000197 seconds.
  path: Assets/圖/Fences_10.asset
  artifactKey: Guid(994a628c68bd8ef4db8802db4229a9b3) Importer(815301076,1909f56bfc062723c751e8b465ee728b)
Start importing Assets/圖/Fences_10.asset using Guid(994a628c68bd8ef4db8802db4229a9b3) Importer(815301076,1909f56bfc062723c751e8b465ee728b)  -> (artifact id: 'd062267992691e75480cd80e65c1c014') in 0.008963 seconds 
  Import took 0.011766 seconds .

========================================================================
Received Import Request.
  Time since last request: 0.007133 seconds.
  path: Assets/圖/Fences_11.asset
  artifactKey: Guid(9f4d9ddb1d28e1442bef9af51a9492d9) Importer(815301076,1909f56bfc062723c751e8b465ee728b)
Start importing Assets/圖/Fences_11.asset using Guid(9f4d9ddb1d28e1442bef9af51a9492d9) Importer(815301076,1909f56bfc062723c751e8b465ee728b)  -> (artifact id: '9f5adb4fb99892a96738a723a7d9392a') in 0.007270 seconds 
  Import took 0.010063 seconds .

========================================================================
Received Import Request.
  Time since last request: 0.000209 seconds.
  path: Assets/圖/Fences_13.asset
  artifactKey: Guid(ad14104c9d82baa42b96334b6f29dd84) Importer(815301076,1909f56bfc062723c751e8b465ee728b)
Start importing Assets/圖/Fences_13.asset using Guid(ad14104c9d82baa42b96334b6f29dd84) Importer(815301076,1909f56bfc062723c751e8b465ee728b)  -> (artifact id: '559a403316f11a41dde7d50f921b10a0') in 0.005292 seconds 
  Import took 0.008150 seconds .

========================================================================
Received Import Request.
  Time since last request: 0.000225 seconds.
  path: Assets/圖/Fences_12.asset
  artifactKey: Guid(c4662c5584a7dce429d32afc8d1446bc) Importer(815301076,1909f56bfc062723c751e8b465ee728b)
Start importing Assets/圖/Fences_12.asset using Guid(c4662c5584a7dce429d32afc8d1446bc) Importer(815301076,1909f56bfc062723c751e8b465ee728b)  -> (artifact id: 'ddadf968494db5cc1533df598ca42d1e') in 0.004980 seconds 
  Import took 0.007719 seconds .

========================================================================
Received Import Request.
  Time since last request: 0.000217 seconds.
  path: Assets/圖/Fences_14.asset
  artifactKey: Guid(e70fdd99c14049e4aaafdd0a3efecdff) Importer(815301076,1909f56bfc062723c751e8b465ee728b)
Start importing Assets/圖/Fences_14.asset using Guid(e70fdd99c14049e4aaafdd0a3efecdff) Importer(815301076,1909f56bfc062723c751e8b465ee728b)  -> (artifact id: '817034c7bb855e51be40fec489b4f0a3') in 0.005528 seconds 
  Import took 0.008144 seconds .

========================================================================
Received Import Request.
  Time since last request: 0.000238 seconds.
  path: Assets/圖/Fences_15.asset
  artifactKey: Guid(cad2014a377d370459aac15887bfac49) Importer(815301076,1909f56bfc062723c751e8b465ee728b)
Start importing Assets/圖/Fences_15.asset using Guid(cad2014a377d370459aac15887bfac49) Importer(815301076,1909f56bfc062723c751e8b465ee728b)  -> (artifact id: '2a6c4da7ed61118dc4cacf997ac148b1') in 0.005629 seconds 
  Import took 0.008200 seconds .

========================================================================
Received Import Request.
  Time since last request: 485.954727 seconds.
  path: Assets/圖/Hills_0.asset
  artifactKey: Guid(aa5ef860f3d36d5478d01462bec5b252) Importer(815301076,1909f56bfc062723c751e8b465ee728b)
Start importing Assets/圖/Hills_0.asset using Guid(aa5ef860f3d36d5478d01462bec5b252) Importer(815301076,1909f56bfc062723c751e8b465ee728b)  -> (artifact id: 'e85b1cbeb47fac90c2f41d202ed3a1ac') in 0.005734 seconds 
  Import took 0.008807 seconds .

========================================================================
Received Import Request.
  Time since last request: 0.000145 seconds.
  path: Assets/圖/Hills_7.asset
  artifactKey: Guid(d9ad38dd35bfcb2458a6fceca5006fba) Importer(815301076,1909f56bfc062723c751e8b465ee728b)
Start importing Assets/圖/Hills_7.asset using Guid(d9ad38dd35bfcb2458a6fceca5006fba) Importer(815301076,1909f56bfc062723c751e8b465ee728b)  -> (artifact id: 'bfd4022f53d0728b457e233c4ea5eb00') in 0.005392 seconds 
  Import took 0.008079 seconds .

========================================================================
Received Import Request.
  Time since last request: 0.000131 seconds.
  path: Assets/圖/Hills_6.asset
  artifactKey: Guid(acc68b280bd0a75479e191ca6114e835) Importer(815301076,1909f56bfc062723c751e8b465ee728b)
Start importing Assets/圖/Hills_6.asset using Guid(acc68b280bd0a75479e191ca6114e835) Importer(815301076,1909f56bfc062723c751e8b465ee728b)  -> (artifact id: '0099249ae828d8311696f8b5c82ec029') in 0.005014 seconds 
  Import took 0.007581 seconds .

========================================================================
Received Import Request.
  Time since last request: 0.000168 seconds.
  path: Assets/圖/Hills_10.asset
  artifactKey: Guid(c46c825e31182fe489bb5077efe4120a) Importer(815301076,1909f56bfc062723c751e8b465ee728b)
Start importing Assets/圖/Hills_10.asset using Guid(c46c825e31182fe489bb5077efe4120a) Importer(815301076,1909f56bfc062723c751e8b465ee728b)  -> (artifact id: '283603133eeb17ac1d4362ab8a682857') in 0.006045 seconds 
  Import took 0.008630 seconds .

========================================================================
Received Import Request.
  Time since last request: 0.000121 seconds.
  path: Assets/圖/Hills_5.asset
  artifactKey: Guid(31b45b8c351a70c4090834c738368506) Importer(815301076,1909f56bfc062723c751e8b465ee728b)
Start importing Assets/圖/Hills_5.asset using Guid(31b45b8c351a70c4090834c738368506) Importer(815301076,1909f56bfc062723c751e8b465ee728b)  -> (artifact id: '436fdd96a75b46c9a9a0c44f6971ab5a') in 0.004893 seconds 
  Import took 0.007439 seconds .

========================================================================
Received Import Request.
  Time since last request: 0.000157 seconds.
  path: Assets/圖/Hills_4.asset
  artifactKey: Guid(7268f2f00805c4440a5aaf67ba9af8cd) Importer(815301076,1909f56bfc062723c751e8b465ee728b)
Start importing Assets/圖/Hills_4.asset using Guid(7268f2f00805c4440a5aaf67ba9af8cd) Importer(815301076,1909f56bfc062723c751e8b465ee728b)  -> (artifact id: '9e68fd77edb6d44e7188b2386e0dec6f') in 0.005242 seconds 
  Import took 0.007815 seconds .

========================================================================
Received Import Request.
  Time since last request: 0.000173 seconds.
  path: Assets/圖/Hills_2.asset
  artifactKey: Guid(ea6bf9cb7514fd748b53a5deb52e17f2) Importer(815301076,1909f56bfc062723c751e8b465ee728b)
Start importing Assets/圖/Hills_2.asset using Guid(ea6bf9cb7514fd748b53a5deb52e17f2) Importer(815301076,1909f56bfc062723c751e8b465ee728b)  -> (artifact id: 'df02625c3698590a9de9ab0bf9edca70') in 0.005078 seconds 
  Import took 0.007698 seconds .

========================================================================
Received Import Request.
  Time since last request: 0.000241 seconds.
  path: Assets/圖/Hills_1.asset
  artifactKey: Guid(dd574e6aa39cd0546a1a64bf682991a0) Importer(815301076,1909f56bfc062723c751e8b465ee728b)
Start importing Assets/圖/Hills_1.asset using Guid(dd574e6aa39cd0546a1a64bf682991a0) Importer(815301076,1909f56bfc062723c751e8b465ee728b)  -> (artifact id: '1cc1b3d5c72b2ec1ded84dca25ee8705') in 0.005329 seconds 
  Import took 0.007982 seconds .

========================================================================
Received Import Request.
  Time since last request: 0.000195 seconds.
  path: Assets/圖/Hills_8.asset
  artifactKey: Guid(2b8af865239f18047b5a87db8a9d42a2) Importer(815301076,1909f56bfc062723c751e8b465ee728b)
Start importing Assets/圖/Hills_8.asset using Guid(2b8af865239f18047b5a87db8a9d42a2) Importer(815301076,1909f56bfc062723c751e8b465ee728b)  -> (artifact id: 'cdd5362aa5fc11ee7cf8c226efdf72af') in 0.005126 seconds 
  Import took 0.007764 seconds .

========================================================================
Received Import Request.
  Time since last request: 0.000204 seconds.
  path: Assets/圖/Hills_3.asset
  artifactKey: Guid(998ede285914c0945a6a1685314d1c94) Importer(815301076,1909f56bfc062723c751e8b465ee728b)
Start importing Assets/圖/Hills_3.asset using Guid(998ede285914c0945a6a1685314d1c94) Importer(815301076,1909f56bfc062723c751e8b465ee728b)  -> (artifact id: 'ece972024b8481b1c151aed5318a7c47') in 0.005131 seconds 
  Import took 0.007746 seconds .

========================================================================
Received Import Request.
  Time since last request: 0.000235 seconds.
  path: Assets/圖/Hills_9.asset
  artifactKey: Guid(3fcea31d1a6d39547a0063400abdefce) Importer(815301076,1909f56bfc062723c751e8b465ee728b)
Start importing Assets/圖/Hills_9.asset using Guid(3fcea31d1a6d39547a0063400abdefce) Importer(815301076,1909f56bfc062723c751e8b465ee728b)  -> (artifact id: '6ae84b63f85b2072dd40a0c83f87b238') in 0.005089 seconds 
  Import took 0.007824 seconds .

========================================================================
Received Import Request.
  Time since last request: 3.774460 seconds.
  path: Assets/圖/Hills_11.asset
  artifactKey: Guid(d118e62c4b1c7dc4295bd0f854bd1608) Importer(815301076,1909f56bfc062723c751e8b465ee728b)
Start importing Assets/圖/Hills_11.asset using Guid(d118e62c4b1c7dc4295bd0f854bd1608) Importer(815301076,1909f56bfc062723c751e8b465ee728b)  -> (artifact id: '699df5542ca0032146c28de0db1aa36f') in 0.005466 seconds 
  Import took 0.008078 seconds .

========================================================================
Received Import Request.
  Time since last request: 0.000202 seconds.
  path: Assets/圖/Hills_13.asset
  artifactKey: Guid(ee986bde49c5dc846a73396005516ad1) Importer(815301076,1909f56bfc062723c751e8b465ee728b)
Start importing Assets/圖/Hills_13.asset using Guid(ee986bde49c5dc846a73396005516ad1) Importer(815301076,1909f56bfc062723c751e8b465ee728b)  -> (artifact id: 'e185f2d543b9f21a9654214c4a78fbee') in 0.005413 seconds 
  Import took 0.007840 seconds .

========================================================================
Received Import Request.
  Time since last request: 0.000240 seconds.
  path: Assets/圖/Hills_14.asset
  artifactKey: Guid(b233148b5bd439e40a8c2a6e2c43eb80) Importer(815301076,1909f56bfc062723c751e8b465ee728b)
Start importing Assets/圖/Hills_14.asset using Guid(b233148b5bd439e40a8c2a6e2c43eb80) Importer(815301076,1909f56bfc062723c751e8b465ee728b)  -> (artifact id: 'cc81a0f8be9390bbff875e7c8aba4adc') in 0.008230 seconds 
  Import took 0.010958 seconds .

========================================================================
Received Import Request.
  Time since last request: 0.000223 seconds.
  path: Assets/圖/Hills_12.asset
  artifactKey: Guid(19b5ec28f3a10ac4e8dff05301262bbe) Importer(815301076,1909f56bfc062723c751e8b465ee728b)
Start importing Assets/圖/Hills_12.asset using Guid(19b5ec28f3a10ac4e8dff05301262bbe) Importer(815301076,1909f56bfc062723c751e8b465ee728b)  -> (artifact id: 'f87d7385f3ad50abeb80d8722e18fa4b') in 0.005836 seconds 
  Import took 0.008408 seconds .

========================================================================
Received Import Request.
  Time since last request: 1.610140 seconds.
  path: Assets/圖/Hills_15.asset
  artifactKey: Guid(7f574045d8032dc4c9d5a7b6c01b83a5) Importer(815301076,1909f56bfc062723c751e8b465ee728b)
Start importing Assets/圖/Hills_15.asset using Guid(7f574045d8032dc4c9d5a7b6c01b83a5) Importer(815301076,1909f56bfc062723c751e8b465ee728b)  -> (artifact id: '1f12a09395f0902346f9f625b3c7685c') in 0.005845 seconds 
  Import took 0.008667 seconds .

========================================================================
Received Import Request.
  Time since last request: 0.000204 seconds.
  path: Assets/圖/Hills_18.asset
  artifactKey: Guid(86ee78721233f3b4882770ae95d9b4e6) Importer(815301076,1909f56bfc062723c751e8b465ee728b)
Start importing Assets/圖/Hills_18.asset using Guid(86ee78721233f3b4882770ae95d9b4e6) Importer(815301076,1909f56bfc062723c751e8b465ee728b)  -> (artifact id: '85cc634eed28ec4da6f137324fe95b5b') in 0.006522 seconds 
  Import took 0.008952 seconds .

========================================================================
Received Import Request.
  Time since last request: 0.000226 seconds.
  path: Assets/圖/Hills_17.asset
  artifactKey: Guid(c3702d3225fb8c64e9e26874ccc93e04) Importer(815301076,1909f56bfc062723c751e8b465ee728b)
Start importing Assets/圖/Hills_17.asset using Guid(c3702d3225fb8c64e9e26874ccc93e04) Importer(815301076,1909f56bfc062723c751e8b465ee728b)  -> (artifact id: 'd722d4ce9285959ffd8da9ba60f76ed3') in 0.010899 seconds 
  Import took 0.013451 seconds .

========================================================================
Received Import Request.
  Time since last request: 0.000228 seconds.
  path: Assets/圖/Hills_16.asset
  artifactKey: Guid(a0bedb2105534d149ad8a00a7a7b1935) Importer(815301076,1909f56bfc062723c751e8b465ee728b)
Start importing Assets/圖/Hills_16.asset using Guid(a0bedb2105534d149ad8a00a7a7b1935) Importer(815301076,1909f56bfc062723c751e8b465ee728b)  -> (artifact id: '6a46bc4c2f6ea009979b22e7c78059d1') in 0.006347 seconds 
  Import took 0.009162 seconds .

========================================================================
Received Import Request.
  Time since last request: 0.102528 seconds.
  path: Assets/圖/Hills_19.asset
  artifactKey: Guid(e6e1962d4e9f82c43a2cc9d41ce400b1) Importer(815301076,1909f56bfc062723c751e8b465ee728b)
Start importing Assets/圖/Hills_19.asset using Guid(e6e1962d4e9f82c43a2cc9d41ce400b1) Importer(815301076,1909f56bfc062723c751e8b465ee728b)  -> (artifact id: '1045a6348502b86a597281f629c13632') in 0.005200 seconds 
  Import took 0.007979 seconds .

========================================================================
Received Import Request.
  Time since last request: 0.000241 seconds.
  path: Assets/圖/Hills_22.asset
  artifactKey: Guid(d842479cee1902642928d2bbcccdb395) Importer(815301076,1909f56bfc062723c751e8b465ee728b)
Start importing Assets/圖/Hills_22.asset using Guid(d842479cee1902642928d2bbcccdb395) Importer(815301076,1909f56bfc062723c751e8b465ee728b)  -> (artifact id: '9b8b7893f84a440ce501d9f69b16f40a') in 0.004911 seconds 
  Import took 0.007401 seconds .

========================================================================
Received Import Request.
  Time since last request: 0.000242 seconds.
  path: Assets/圖/Hills_20.asset
  artifactKey: Guid(053d3695b2af1b54cbf5c5c8dbf6de92) Importer(815301076,1909f56bfc062723c751e8b465ee728b)
Start importing Assets/圖/Hills_20.asset using Guid(053d3695b2af1b54cbf5c5c8dbf6de92) Importer(815301076,1909f56bfc062723c751e8b465ee728b)  -> (artifact id: 'bf3bbd8f0728538fb53c2c86ad622a72') in 0.005375 seconds 
  Import took 0.008011 seconds .

========================================================================
Received Import Request.
  Time since last request: 0.000222 seconds.
  path: Assets/圖/Hills_21.asset
  artifactKey: Guid(af3d1d2e9a131ff42aebac3333eaf01a) Importer(815301076,1909f56bfc062723c751e8b465ee728b)
Start importing Assets/圖/Hills_21.asset using Guid(af3d1d2e9a131ff42aebac3333eaf01a) Importer(815301076,1909f56bfc062723c751e8b465ee728b)  -> (artifact id: '25cd77aa4a63be687f30444daa0daf5e') in 0.005111 seconds 
  Import took 0.007774 seconds .

========================================================================
Received Import Request.
  Time since last request: 0.144125 seconds.
  path: Assets/圖/Hills_23.asset
  artifactKey: Guid(2dbe157e21841f24a818f3333502e466) Importer(815301076,1909f56bfc062723c751e8b465ee728b)
Start importing Assets/圖/Hills_23.asset using Guid(2dbe157e21841f24a818f3333502e466) Importer(815301076,1909f56bfc062723c751e8b465ee728b)  -> (artifact id: '4b9d9af9f712c9992e94d377c815f009') in 0.005171 seconds 
  Import took 0.007753 seconds .

========================================================================
Received Import Request.
  Time since last request: 0.000232 seconds.
  path: Assets/圖/Hills_26.asset
  artifactKey: Guid(b400b1f40bb43eb44a7f799b434903ec) Importer(815301076,1909f56bfc062723c751e8b465ee728b)
Start importing Assets/圖/Hills_26.asset using Guid(b400b1f40bb43eb44a7f799b434903ec) Importer(815301076,1909f56bfc062723c751e8b465ee728b)  -> (artifact id: 'bc21e0dff6ba4b38f8b46af1e13d46b5') in 0.004943 seconds 
  Import took 0.007374 seconds .

========================================================================
Received Import Request.
  Time since last request: 0.000219 seconds.
  path: Assets/圖/Hills_25.asset
  artifactKey: Guid(7db000d8c37365f458b7a3df408c810a) Importer(815301076,1909f56bfc062723c751e8b465ee728b)
Start importing Assets/圖/Hills_25.asset using Guid(7db000d8c37365f458b7a3df408c810a) Importer(815301076,1909f56bfc062723c751e8b465ee728b)  -> (artifact id: '4873e029177e8e4981bffe532971b562') in 0.005477 seconds 
  Import took 0.008151 seconds .

========================================================================
Received Import Request.
  Time since last request: 0.000228 seconds.
  path: Assets/圖/Hills_24.asset
  artifactKey: Guid(fd630ae95c4bb7746ad02f94d8df9b2b) Importer(815301076,1909f56bfc062723c751e8b465ee728b)
Start importing Assets/圖/Hills_24.asset using Guid(fd630ae95c4bb7746ad02f94d8df9b2b) Importer(815301076,1909f56bfc062723c751e8b465ee728b)  -> (artifact id: 'c876ba31e5f152c297e5d64bdc449cad') in 0.005042 seconds 
  Import took 0.007708 seconds .

========================================================================
Received Import Request.
  Time since last request: 0.019050 seconds.
  path: Assets/圖/Hills_27.asset
  artifactKey: Guid(ebfa779c25f5ab3468cecee96c3cdeb0) Importer(815301076,1909f56bfc062723c751e8b465ee728b)
Start importing Assets/圖/Hills_27.asset using Guid(ebfa779c25f5ab3468cecee96c3cdeb0) Importer(815301076,1909f56bfc062723c751e8b465ee728b)  -> (artifact id: '8de0d109d885757d55b479a690cd17be') in 0.005551 seconds 
  Import took 0.008328 seconds .

========================================================================
Received Import Request.
  Time since last request: 0.000225 seconds.
  path: Assets/圖/Hills_30.asset
  artifactKey: Guid(3f752d3a0d83d904b94186ea615ef415) Importer(815301076,1909f56bfc062723c751e8b465ee728b)
Start importing Assets/圖/Hills_30.asset using Guid(3f752d3a0d83d904b94186ea615ef415) Importer(815301076,1909f56bfc062723c751e8b465ee728b)  -> (artifact id: 'a9836e80f3cdddf9429c9eb24002f1b4') in 0.004871 seconds 
  Import took 0.007329 seconds .

========================================================================
Received Import Request.
  Time since last request: 0.000228 seconds.
  path: Assets/圖/Hills_29.asset
  artifactKey: Guid(ae7a22258113e644981397a7f2f08040) Importer(815301076,1909f56bfc062723c751e8b465ee728b)
Start importing Assets/圖/Hills_29.asset using Guid(ae7a22258113e644981397a7f2f08040) Importer(815301076,1909f56bfc062723c751e8b465ee728b)  -> (artifact id: 'e7febe00ecbdb808813284e77aca5b56') in 0.005580 seconds 
  Import took 0.008294 seconds .

========================================================================
Received Import Request.
  Time since last request: 0.000250 seconds.
  path: Assets/圖/Hills_28.asset
  artifactKey: Guid(086f7e5ea0f6acd4dbe19e01cf227403) Importer(815301076,1909f56bfc062723c751e8b465ee728b)
Start importing Assets/圖/Hills_28.asset using Guid(086f7e5ea0f6acd4dbe19e01cf227403) Importer(815301076,1909f56bfc062723c751e8b465ee728b)  -> (artifact id: '8d571a91bdbc38605fde13ba98cd37c5') in 0.004916 seconds 
  Import took 0.007569 seconds .

========================================================================
Received Import Request.
  Time since last request: 0.621339 seconds.
  path: Assets/圖/Hills_31.asset
  artifactKey: Guid(891c4f2286b006d418e54ebfda25f0c7) Importer(815301076,1909f56bfc062723c751e8b465ee728b)
Start importing Assets/圖/Hills_31.asset using Guid(891c4f2286b006d418e54ebfda25f0c7) Importer(815301076,1909f56bfc062723c751e8b465ee728b)  -> (artifact id: 'a18322cc788ce60a87377631628b29dc') in 0.005377 seconds 
  Import took 0.008190 seconds .

========================================================================
Received Import Request.
  Time since last request: 0.000228 seconds.
  path: Assets/圖/Hills_32.asset
  artifactKey: Guid(72a40bcee517702499134094cd62b451) Importer(815301076,1909f56bfc062723c751e8b465ee728b)
Start importing Assets/圖/Hills_32.asset using Guid(72a40bcee517702499134094cd62b451) Importer(815301076,1909f56bfc062723c751e8b465ee728b)  -> (artifact id: 'a299be52cb0d82bbb98939b9c42c8cc1') in 0.004877 seconds 
  Import took 0.007309 seconds .

========================================================================
Received Import Request.
  Time since last request: 0.000235 seconds.
  path: Assets/圖/Hills_34.asset
  artifactKey: Guid(65b620ad7d661f744b298d29e0cad5e7) Importer(815301076,1909f56bfc062723c751e8b465ee728b)
Start importing Assets/圖/Hills_34.asset using Guid(65b620ad7d661f744b298d29e0cad5e7) Importer(815301076,1909f56bfc062723c751e8b465ee728b)  -> (artifact id: '6d55b6f16f22fe441dd68b8b1969d7a8') in 0.005179 seconds 
  Import took 0.007868 seconds .

========================================================================
Received Import Request.
  Time since last request: 0.000220 seconds.
  path: Assets/圖/Hills_33.asset
  artifactKey: Guid(04650c4c3a4b58b418197752459df391) Importer(815301076,1909f56bfc062723c751e8b465ee728b)
Start importing Assets/圖/Hills_33.asset using Guid(04650c4c3a4b58b418197752459df391) Importer(815301076,1909f56bfc062723c751e8b465ee728b)  -> (artifact id: '7468eb9572870cddc3d0c45fbb2edfed') in 0.005274 seconds 
  Import took 0.008096 seconds .

========================================================================
Received Import Request.
  Time since last request: 0.005773 seconds.
  path: Assets/圖/Hills_35.asset
  artifactKey: Guid(9174f572c04205f48bff3b990e0ebb29) Importer(815301076,1909f56bfc062723c751e8b465ee728b)
Start importing Assets/圖/Hills_35.asset using Guid(9174f572c04205f48bff3b990e0ebb29) Importer(815301076,1909f56bfc062723c751e8b465ee728b)  -> (artifact id: '6c81c9501266c647e12986ddeb06b331') in 0.005510 seconds 
  Import took 0.008366 seconds .

========================================================================
Received Import Request.
  Time since last request: 377.897441 seconds.
  path: Assets/圖/Grass.png
  artifactKey: Guid(357ea5121e65cd64dbbda6e4c4ea635c) Importer(815301076,1909f56bfc062723c751e8b465ee728b)
Start importing Assets/圖/Grass.png using Guid(357ea5121e65cd64dbbda6e4c4ea635c) Importer(815301076,1909f56bfc062723c751e8b465ee728b)  -> (artifact id: 'ce4aa6d3107133458b3555eefa010e7f') in 0.165787 seconds 
  Import took 0.168706 seconds .

========================================================================
Received Import Request.
  Time since last request: 29.560756 seconds.
  path: Assets/圖/Hills.png
  artifactKey: Guid(cae16044234417a4299c13b5520dc76d) Importer(815301076,1909f56bfc062723c751e8b465ee728b)
Start importing Assets/圖/Hills.png using Guid(cae16044234417a4299c13b5520dc76d) Importer(815301076,1909f56bfc062723c751e8b465ee728b)  -> (artifact id: 'fd7d6226f0d5737ba4047d7562cd9d27') in 0.099871 seconds 
  Import took 0.102638 seconds .

========================================================================
Received Import Request.
  Time since last request: 711.662397 seconds.
  path: Assets/圖/Grass.png
  artifactKey: Guid(357ea5121e65cd64dbbda6e4c4ea635c) Importer(815301076,1909f56bfc062723c751e8b465ee728b)
Start importing Assets/圖/Grass.png using Guid(357ea5121e65cd64dbbda6e4c4ea635c) Importer(815301076,1909f56bfc062723c751e8b465ee728b)  -> (artifact id: '6655c616746a27c568740cd1a9fe50a8') in 0.151327 seconds 
  Import took 0.154221 seconds .

========================================================================
Received Import Request.
  Time since last request: 1024.464421 seconds.
  path: Assets/圖/Fences.png
  artifactKey: Guid(020340f0e4661e94b80b4a95f63490a4) Importer(815301076,1909f56bfc062723c751e8b465ee728b)
Start importing Assets/圖/Fences.png using Guid(020340f0e4661e94b80b4a95f63490a4) Importer(815301076,1909f56bfc062723c751e8b465ee728b)  -> (artifact id: '854eaea1412c3dd073c6bb0a42f328d0') in 0.058896 seconds 
  Import took 0.061655 seconds .

========================================================================
Received Import Request.
  Time since last request: 73.545221 seconds.
  path: Assets/圖/Hills.png
  artifactKey: Guid(cae16044234417a4299c13b5520dc76d) Importer(815301076,1909f56bfc062723c751e8b465ee728b)
Start importing Assets/圖/Hills.png using Guid(cae16044234417a4299c13b5520dc76d) Importer(815301076,1909f56bfc062723c751e8b465ee728b)  -> (artifact id: 'b88ad4bd4db7470ac68eb5b0dd2d156c') in 0.102685 seconds 
  Import took 0.105524 seconds .

========================================================================
Received Import Request.
  Time since last request: 946.499926 seconds.
  path: Assets/圖/Water.png
  artifactKey: Guid(42e8e12ccec104242998dff274a3c403) Importer(815301076,1909f56bfc062723c751e8b465ee728b)
Start importing Assets/圖/Water.png using Guid(42e8e12ccec104242998dff274a3c403) Importer(815301076,1909f56bfc062723c751e8b465ee728b)  -> (artifact id: 'fe6751d45c147b803eeecb1a3c7b0fea') in 0.011505 seconds 
  Import took 0.014249 seconds .

========================================================================
Received Import Request.
  Time since last request: 24.666874 seconds.
  path: Assets/圖/Fences.png
  artifactKey: Guid(020340f0e4661e94b80b4a95f63490a4) Importer(815301076,1909f56bfc062723c751e8b465ee728b)
Start importing Assets/圖/Fences.png using Guid(020340f0e4661e94b80b4a95f63490a4) Importer(815301076,1909f56bfc062723c751e8b465ee728b)  -> (artifact id: '56b7e792986f4232f116806d965c98dc') in 0.040622 seconds 
  Import took 0.043729 seconds .

AssetImportWorkerClient::OnTransportError - code=2 error=End of file
